<?xml version="1.0" encoding="UTF-8"?>
<testsuites name="Search" time="93.893" tests="6" failures="0" errors="0">
   <testsuite name="Search" tests="6" failures="0" errors="0" time="93.893" skipped="0" timestamp="2022-10-30 14:24:02" hostname="Fadhil - LAPTOP-FKON3EL8" id="Test Suites/Search/Search">
      <properties>
         <property name="deviceName" value=""/>
         <property name="devicePlatform" value=""/>
         <property name="logFolder" value="C:\\Users\\Fadhil\\Katalon Studio\\timbchallengeplatinum-web (1)\\Reports\\20221030_142352\\Search\\Search\\20221030_142352"/>
         <property name="logFiles" value="C:\\Users\\Fadhil\\Katalon Studio\\timbchallengeplatinum-web (1)\\Reports\\20221030_142352\\Search\\Search\\20221030_142352\\execution0.log"/>
         <property name="attachments" value=""/>
         <property name="hostName" value="Fadhil - LAPTOP-FKON3EL8"/>
         <property name="os" value="Windows 10 64bit"/>
         <property name="katalonVersion" value="8.5.0.208"/>
         <property name="browser" value="Chrome 106.0.0.0"/>
         <property name="hostAddress" value="192.168.1.2"/>
         <property name="sessionId" value="1ff8adb9cbc2950a1b8836b89ecfcae7"/>
         <property name="seleniumVersion" value="3.141.59"/>
         <property name="proxyInformation" value="ProxyInformation { proxyOption=NO_PROXY, proxyServerType=HTTP, username=, password=********, proxyServerAddress=, proxyServerPort=0, executionList=&quot;&quot;, isApplyToDesiredCapabilities=true }"/>
         <property name="platform" value="Windows 10"/>
      </properties>
      <testcase name="Test Cases/StepDefinition/Feature Search Category/SEARCHCATEGORY001 - SEARCH CATEGORY Semua" time="16.405" classname="Test Cases/StepDefinition/Feature Search Category/SEARCHCATEGORY001 - SEARCH CATEGORY Semua" status="PASSED">
         <system-out><![CDATA[2022-10-30 14:24:07 - [TEST_CASE][PASSED] - Test Cases/StepDefinition/Feature Search Category/SEARCHCATEGORY001 - SEARCH CATEGORY Semua: Test Cases/StepDefinition/Feature Search Category/SEARCHCATEGORY001 - SEARCH CATEGORY Semua

2022-10-30 14:24:07 - [TEST_STEP][PASSED] - Start listener action : beforeTestCase: Navigate to 'https://deployed-five.vercel.app/' successfully

2022-10-30 14:24:07 - [TEST_STEP][PASSED] - logInfo("Test Case: " + testCaseContext.getTestCaseId()): Test Case: Test Cases/StepDefinition/Feature Search Category/SEARCHCATEGORY001 - SEARCH CATEGORY Semua

2022-10-30 14:24:07 - [MESSAGE][INFO] - Test Case: Test Cases/StepDefinition/Feature Search Category/SEARCHCATEGORY001 - SEARCH CATEGORY Semua

2022-10-30 14:24:07 - [TEST_STEP][PASSED] - openBrowser(): null

2022-10-30 14:24:07 - [TEST_STEP][PASSED] - openBrowser(""): Browser is opened with url: ''

2022-10-30 14:24:07 - [MESSAGE][WARNING] - A browser is already opened. Closing browser and opening a new one

2022-10-30 14:24:08 - [MESSAGE][INFO] - Starting 'Chrome' driver

2022-10-30 14:24:08 - [MESSAGE][INFO] - Action delay is set to 0 milliseconds

2022-10-30 14:24:09 - [MESSAGE][PASSED] - Browser is opened with url: ''

2022-10-30 14:24:09 - [TEST_STEP][PASSED] - maximizeWindow(): Current window maximized

2022-10-30 14:24:09 - [MESSAGE][PASSED] - Current window maximized

2022-10-30 14:24:09 - [TEST_STEP][PASSED] - navigateToUrl("https://deployed-five.vercel.app/"): Navigate to 'https://deployed-five.vercel.app/' successfully

2022-10-30 14:24:11 - [MESSAGE][PASSED] - Navigate to 'https://deployed-five.vercel.app/' successfully

2022-10-30 14:24:11 - [TEST_STEP][PASSED] - callTestCase(findTestCase("StepDefinition/Feature Login/LOGIN001- Login With Valid Email and Password"), [:], STOP_ON_FAILURE): Call Test Case 'Test Cases/StepDefinition/Feature Login/LOGIN001- Login With Valid Email and Password' successfully

2022-10-30 14:24:11 - [TEST_CASE][PASSED] - Test Cases/StepDefinition/Feature Login/LOGIN001- Login With Valid Email and Password: Test Cases/StepDefinition/Feature Login/LOGIN001- Login With Valid Email and Password

2022-10-30 14:24:11 - [TEST_STEP][PASSED] - callTestCase(findTestCase("Pages/UserLogin/Click Link Masuk"), [:], STOP_ON_FAILURE): Call Test Case 'Test Cases/Pages/UserLogin/Click Link Masuk' successfully

2022-10-30 14:24:11 - [TEST_CASE][PASSED] - Test Cases/Pages/UserLogin/Click Link Masuk: Test Cases/Pages/UserLogin/Click Link Masuk

2022-10-30 14:24:12 - [TEST_STEP][PASSED] - click(findTestObject("Page_Login/link_Masuk")): Object: 'Object Repository/Page_Login/link_Masuk' is clicked on

2022-10-30 14:24:13 - [MESSAGE][PASSED] - Object: 'Object Repository/Page_Login/link_Masuk' is clicked on

2022-10-30 14:24:13 - [MESSAGE][PASSED] - Call Test Case 'Test Cases/Pages/UserLogin/Click Link Masuk' successfully

2022-10-30 14:24:13 - [TEST_STEP][PASSED] - callTestCase(findTestCase("Pages/UserLogin/Input Email"), ["email":"asadulhaq.ali@hotmail.com"], STOP_ON_FAILURE): Call Test Case 'Test Cases/Pages/UserLogin/Input Email' successfully

2022-10-30 14:24:13 - [TEST_CASE][PASSED] - Test Cases/Pages/UserLogin/Input Email: Test Cases/Pages/UserLogin/Input Email

2022-10-30 14:24:13 - [TEST_STEP][PASSED] - waitForElementPresent(findTestObject("Page_Login/input_Email"), 2): Object 'Object Repository/Page_Login/input_Email' is present

2022-10-30 14:24:14 - [MESSAGE][PASSED] - Object 'Object Repository/Page_Login/input_Email' is present

2022-10-30 14:24:14 - [TEST_STEP][PASSED] - sendKeys(findTestObject("Page_Login/input_Email"), email): Keys 'asadulhaq.ali@hotmail.com' sent to object: 'Object Repository/Page_Login/input_Email'

2022-10-30 14:24:14 - [MESSAGE][PASSED] - Keys 'asadulhaq.ali@hotmail.com' sent to object: 'Object Repository/Page_Login/input_Email'

2022-10-30 14:24:14 - [MESSAGE][PASSED] - Call Test Case 'Test Cases/Pages/UserLogin/Input Email' successfully

2022-10-30 14:24:14 - [TEST_STEP][PASSED] - callTestCase(findTestCase("Pages/UserLogin/Input Password"), ["password":"test12345"], STOP_ON_FAILURE): Call Test Case 'Test Cases/Pages/UserLogin/Input Password' successfully

2022-10-30 14:24:14 - [TEST_CASE][PASSED] - Test Cases/Pages/UserLogin/Input Password: Test Cases/Pages/UserLogin/Input Password

2022-10-30 14:24:15 - [TEST_STEP][PASSED] - sendKeys(findTestObject("Page_Login/input_Password"), password): Keys 'test12345' sent to object: 'Object Repository/Page_Login/input_Password'

2022-10-30 14:24:15 - [MESSAGE][PASSED] - Keys 'test12345' sent to object: 'Object Repository/Page_Login/input_Password'

2022-10-30 14:24:15 - [MESSAGE][PASSED] - Call Test Case 'Test Cases/Pages/UserLogin/Input Password' successfully

2022-10-30 14:24:15 - [TEST_STEP][PASSED] - callTestCase(findTestCase("Pages/UserLogin/Click login button"), [:], STOP_ON_FAILURE): Call Test Case 'Test Cases/Pages/UserLogin/Click login button' successfully

2022-10-30 14:24:15 - [TEST_CASE][PASSED] - Test Cases/Pages/UserLogin/Click login button: Test Cases/Pages/UserLogin/Click login button

2022-10-30 14:24:15 - [TEST_STEP][PASSED] - click(findTestObject("Page_Login/button_Masuk")): Object: 'Object Repository/Page_Login/button_Masuk' is clicked on

2022-10-30 14:24:16 - [MESSAGE][PASSED] - Object: 'Object Repository/Page_Login/button_Masuk' is clicked on

2022-10-30 14:24:16 - [MESSAGE][PASSED] - Call Test Case 'Test Cases/Pages/UserLogin/Click login button' successfully

2022-10-30 14:24:16 - [TEST_STEP][PASSED] - delay(5): Delayed 5 second(s)

2022-10-30 14:24:21 - [MESSAGE][PASSED] - Delayed 5 second(s)

2022-10-30 14:24:21 - [MESSAGE][PASSED] - Call Test Case 'Test Cases/StepDefinition/Feature Login/LOGIN001- Login With Valid Email and Password' successfully

2022-10-30 14:24:21 - [TEST_STEP][PASSED] - callTestCase(findTestCase("Pages/SearchCategory/Category Semua"), [:], STOP_ON_FAILURE): Call Test Case 'Test Cases/Pages/SearchCategory/Category Semua' successfully

2022-10-30 14:24:21 - [TEST_CASE][PASSED] - Test Cases/Pages/SearchCategory/Category Semua: Test Cases/Pages/SearchCategory/Category Semua

2022-10-30 14:24:21 - [TEST_STEP][PASSED] - click(findTestObject("Page_Search/button_Semua")): Object: 'Object Repository/Page_Search/button_Semua' is clicked on

2022-10-30 14:24:21 - [MESSAGE][PASSED] - Object: 'Object Repository/Page_Search/button_Semua' is clicked on

2022-10-30 14:24:21 - [MESSAGE][PASSED] - Call Test Case 'Test Cases/Pages/SearchCategory/Category Semua' successfully

2022-10-30 14:24:21 - [TEST_STEP][PASSED] - callTestCase(findTestCase("Pages/SearchCategory/Verify Content Semua"), [:], STOP_ON_FAILURE): Call Test Case 'Test Cases/Pages/SearchCategory/Verify Content Semua' successfully

2022-10-30 14:24:21 - [TEST_CASE][PASSED] - Test Cases/Pages/SearchCategory/Verify Content Semua: Test Cases/Pages/SearchCategory/Verify Content Semua

2022-10-30 14:24:22 - [TEST_STEP][PASSED] - verifyElementVisible(findTestObject("Page_Search/img_donut")): Object 'Object Repository/Page_Search/img_donut' is visible

2022-10-30 14:24:22 - [MESSAGE][PASSED] - Object 'Object Repository/Page_Search/img_donut' is visible

2022-10-30 14:24:22 - [TEST_STEP][PASSED] - verifyElementVisible(findTestObject("Page_Search/img_tesla")): Object 'Object Repository/Page_Search/img_tesla' is visible

2022-10-30 14:24:23 - [MESSAGE][PASSED] - Object 'Object Repository/Page_Search/img_tesla' is visible

2022-10-30 14:24:23 - [MESSAGE][PASSED] - Call Test Case 'Test Cases/Pages/SearchCategory/Verify Content Semua' successfully

2022-10-30 14:24:23 - [TEST_STEP][PASSED] - Start listener action : afterTestCase: Browser is closed

2022-10-30 14:24:23 - [TEST_STEP][PASSED] - logInfo("Test Case: " + testCaseContext.getTestCaseId()): Test Case: Test Cases/StepDefinition/Feature Search Category/SEARCHCATEGORY001 - SEARCH CATEGORY Semua

2022-10-30 14:24:23 - [MESSAGE][INFO] - Test Case: Test Cases/StepDefinition/Feature Search Category/SEARCHCATEGORY001 - SEARCH CATEGORY Semua

2022-10-30 14:24:23 - [TEST_STEP][PASSED] - closeBrowser(): null

2022-10-30 14:24:23 - [TEST_STEP][PASSED] - closeBrowser(): Browser is closed

2022-10-30 14:24:23 - [MESSAGE][PASSED] - Browser is closed]]></system-out>
         <system-err><![CDATA[]]></system-err>
      </testcase>
      <testcase name="Test Cases/StepDefinition/Feature Search Category/SEARCHCATEGORY002 - SEARCH CATEGORY Hoby" time="14.452" classname="Test Cases/StepDefinition/Feature Search Category/SEARCHCATEGORY002 - SEARCH CATEGORY Hoby" status="PASSED">
         <system-out><![CDATA[2022-10-30 14:24:23 - [TEST_CASE][PASSED] - Test Cases/StepDefinition/Feature Search Category/SEARCHCATEGORY002 - SEARCH CATEGORY Hoby: Test Cases/StepDefinition/Feature Search Category/SEARCHCATEGORY002 - SEARCH CATEGORY Hoby

2022-10-30 14:24:23 - [TEST_STEP][PASSED] - Start listener action : beforeTestCase: Navigate to 'https://deployed-five.vercel.app/' successfully

2022-10-30 14:24:23 - [TEST_STEP][PASSED] - logInfo("Test Case: " + testCaseContext.getTestCaseId()): Test Case: Test Cases/StepDefinition/Feature Search Category/SEARCHCATEGORY002 - SEARCH CATEGORY Hoby

2022-10-30 14:24:23 - [MESSAGE][INFO] - Test Case: Test Cases/StepDefinition/Feature Search Category/SEARCHCATEGORY002 - SEARCH CATEGORY Hoby

2022-10-30 14:24:23 - [TEST_STEP][PASSED] - openBrowser(): null

2022-10-30 14:24:23 - [TEST_STEP][PASSED] - openBrowser(""): Browser is opened with url: ''

2022-10-30 14:24:23 - [MESSAGE][INFO] - Starting 'Chrome' driver

2022-10-30 14:24:23 - [MESSAGE][INFO] - Action delay is set to 0 milliseconds

2022-10-30 14:24:24 - [MESSAGE][PASSED] - Browser is opened with url: ''

2022-10-30 14:24:24 - [TEST_STEP][PASSED] - maximizeWindow(): Current window maximized

2022-10-30 14:24:25 - [MESSAGE][PASSED] - Current window maximized

2022-10-30 14:24:25 - [TEST_STEP][PASSED] - navigateToUrl("https://deployed-five.vercel.app/"): Navigate to 'https://deployed-five.vercel.app/' successfully

2022-10-30 14:24:26 - [MESSAGE][PASSED] - Navigate to 'https://deployed-five.vercel.app/' successfully

2022-10-30 14:24:26 - [TEST_STEP][PASSED] - callTestCase(findTestCase("StepDefinition/Feature Login/LOGIN001- Login With Valid Email and Password"), [:], STOP_ON_FAILURE): Call Test Case 'Test Cases/StepDefinition/Feature Login/LOGIN001- Login With Valid Email and Password' successfully

2022-10-30 14:24:26 - [TEST_CASE][PASSED] - Test Cases/StepDefinition/Feature Login/LOGIN001- Login With Valid Email and Password: Test Cases/StepDefinition/Feature Login/LOGIN001- Login With Valid Email and Password

2022-10-30 14:24:26 - [TEST_STEP][PASSED] - callTestCase(findTestCase("Pages/UserLogin/Click Link Masuk"), [:], STOP_ON_FAILURE): Call Test Case 'Test Cases/Pages/UserLogin/Click Link Masuk' successfully

2022-10-30 14:24:26 - [TEST_CASE][PASSED] - Test Cases/Pages/UserLogin/Click Link Masuk: Test Cases/Pages/UserLogin/Click Link Masuk

2022-10-30 14:24:26 - [TEST_STEP][PASSED] - click(findTestObject("Page_Login/link_Masuk")): Object: 'Object Repository/Page_Login/link_Masuk' is clicked on

2022-10-30 14:24:28 - [MESSAGE][PASSED] - Object: 'Object Repository/Page_Login/link_Masuk' is clicked on

2022-10-30 14:24:28 - [MESSAGE][PASSED] - Call Test Case 'Test Cases/Pages/UserLogin/Click Link Masuk' successfully

2022-10-30 14:24:28 - [TEST_STEP][PASSED] - callTestCase(findTestCase("Pages/UserLogin/Input Email"), ["email":"asadulhaq.ali@hotmail.com"], STOP_ON_FAILURE): Call Test Case 'Test Cases/Pages/UserLogin/Input Email' successfully

2022-10-30 14:24:28 - [TEST_CASE][PASSED] - Test Cases/Pages/UserLogin/Input Email: Test Cases/Pages/UserLogin/Input Email

2022-10-30 14:24:28 - [TEST_STEP][PASSED] - waitForElementPresent(findTestObject("Page_Login/input_Email"), 2): Object 'Object Repository/Page_Login/input_Email' is present

2022-10-30 14:24:28 - [MESSAGE][PASSED] - Object 'Object Repository/Page_Login/input_Email' is present

2022-10-30 14:24:28 - [TEST_STEP][PASSED] - sendKeys(findTestObject("Page_Login/input_Email"), email): Keys 'asadulhaq.ali@hotmail.com' sent to object: 'Object Repository/Page_Login/input_Email'

2022-10-30 14:24:29 - [MESSAGE][PASSED] - Keys 'asadulhaq.ali@hotmail.com' sent to object: 'Object Repository/Page_Login/input_Email'

2022-10-30 14:24:29 - [MESSAGE][PASSED] - Call Test Case 'Test Cases/Pages/UserLogin/Input Email' successfully

2022-10-30 14:24:29 - [TEST_STEP][PASSED] - callTestCase(findTestCase("Pages/UserLogin/Input Password"), ["password":"test12345"], STOP_ON_FAILURE): Call Test Case 'Test Cases/Pages/UserLogin/Input Password' successfully

2022-10-30 14:24:29 - [TEST_CASE][PASSED] - Test Cases/Pages/UserLogin/Input Password: Test Cases/Pages/UserLogin/Input Password

2022-10-30 14:24:29 - [TEST_STEP][PASSED] - sendKeys(findTestObject("Page_Login/input_Password"), password): Keys 'test12345' sent to object: 'Object Repository/Page_Login/input_Password'

2022-10-30 14:24:29 - [MESSAGE][PASSED] - Keys 'test12345' sent to object: 'Object Repository/Page_Login/input_Password'

2022-10-30 14:24:29 - [MESSAGE][PASSED] - Call Test Case 'Test Cases/Pages/UserLogin/Input Password' successfully

2022-10-30 14:24:29 - [TEST_STEP][PASSED] - callTestCase(findTestCase("Pages/UserLogin/Click login button"), [:], STOP_ON_FAILURE): Call Test Case 'Test Cases/Pages/UserLogin/Click login button' successfully

2022-10-30 14:24:29 - [TEST_CASE][PASSED] - Test Cases/Pages/UserLogin/Click login button: Test Cases/Pages/UserLogin/Click login button

2022-10-30 14:24:29 - [TEST_STEP][PASSED] - click(findTestObject("Page_Login/button_Masuk")): Object: 'Object Repository/Page_Login/button_Masuk' is clicked on

2022-10-30 14:24:30 - [MESSAGE][PASSED] - Object: 'Object Repository/Page_Login/button_Masuk' is clicked on

2022-10-30 14:24:30 - [MESSAGE][PASSED] - Call Test Case 'Test Cases/Pages/UserLogin/Click login button' successfully

2022-10-30 14:24:30 - [TEST_STEP][PASSED] - delay(5): Delayed 5 second(s)

2022-10-30 14:24:35 - [MESSAGE][PASSED] - Delayed 5 second(s)

2022-10-30 14:24:35 - [MESSAGE][PASSED] - Call Test Case 'Test Cases/StepDefinition/Feature Login/LOGIN001- Login With Valid Email and Password' successfully

2022-10-30 14:24:35 - [TEST_STEP][PASSED] - callTestCase(findTestCase("Pages/SearchCategory/Category Hoby"), [:], STOP_ON_FAILURE): Call Test Case 'Test Cases/Pages/SearchCategory/Category Hoby' successfully

2022-10-30 14:24:35 - [TEST_CASE][PASSED] - Test Cases/Pages/SearchCategory/Category Hoby: Test Cases/Pages/SearchCategory/Category Hoby

2022-10-30 14:24:35 - [TEST_STEP][PASSED] - click(findTestObject("Page_Search/button_Hoby")): Object: 'Object Repository/Page_Search/button_Hoby' is clicked on

2022-10-30 14:24:35 - [MESSAGE][PASSED] - Object: 'Object Repository/Page_Search/button_Hoby' is clicked on

2022-10-30 14:24:35 - [MESSAGE][PASSED] - Call Test Case 'Test Cases/Pages/SearchCategory/Category Hoby' successfully

2022-10-30 14:24:35 - [TEST_STEP][PASSED] - callTestCase(findTestCase("Pages/SearchCategory/Verify Content Hoby"), [:], STOP_ON_FAILURE): Call Test Case 'Test Cases/Pages/SearchCategory/Verify Content Hoby' successfully

2022-10-30 14:24:35 - [TEST_CASE][PASSED] - Test Cases/Pages/SearchCategory/Verify Content Hoby: Test Cases/Pages/SearchCategory/Verify Content Hoby

2022-10-30 14:24:36 - [TEST_STEP][PASSED] - verifyElementVisible(findTestObject("Page_Search/img_donut")): Object 'Object Repository/Page_Search/img_donut' is visible

2022-10-30 14:24:37 - [MESSAGE][PASSED] - Object 'Object Repository/Page_Search/img_donut' is visible

2022-10-30 14:24:37 - [TEST_STEP][PASSED] - verifyElementVisible(findTestObject("Page_Search/img_rtx")): Object 'Object Repository/Page_Search/img_rtx' is visible

2022-10-30 14:24:37 - [MESSAGE][PASSED] - Object 'Object Repository/Page_Search/img_rtx' is visible

2022-10-30 14:24:37 - [MESSAGE][PASSED] - Call Test Case 'Test Cases/Pages/SearchCategory/Verify Content Hoby' successfully

2022-10-30 14:24:37 - [TEST_STEP][PASSED] - Start listener action : afterTestCase: Browser is closed

2022-10-30 14:24:37 - [TEST_STEP][PASSED] - logInfo("Test Case: " + testCaseContext.getTestCaseId()): Test Case: Test Cases/StepDefinition/Feature Search Category/SEARCHCATEGORY002 - SEARCH CATEGORY Hoby

2022-10-30 14:24:37 - [MESSAGE][INFO] - Test Case: Test Cases/StepDefinition/Feature Search Category/SEARCHCATEGORY002 - SEARCH CATEGORY Hoby

2022-10-30 14:24:37 - [TEST_STEP][PASSED] - closeBrowser(): null

2022-10-30 14:24:37 - [TEST_STEP][PASSED] - closeBrowser(): Browser is closed

2022-10-30 14:24:38 - [MESSAGE][PASSED] - Browser is closed]]></system-out>
         <system-err><![CDATA[]]></system-err>
      </testcase>
      <testcase name="Test Cases/StepDefinition/Feature Search Category/SEARCHCATEGORY003 - SEARCH CATEGORY Kendaraan" time="14.456" classname="Test Cases/StepDefinition/Feature Search Category/SEARCHCATEGORY003 - SEARCH CATEGORY Kendaraan" status="PASSED">
         <system-out><![CDATA[2022-10-30 14:24:38 - [TEST_CASE][PASSED] - Test Cases/StepDefinition/Feature Search Category/SEARCHCATEGORY003 - SEARCH CATEGORY Kendaraan: Test Cases/StepDefinition/Feature Search Category/SEARCHCATEGORY003 - SEARCH CATEGORY Kendaraan

2022-10-30 14:24:38 - [TEST_STEP][PASSED] - Start listener action : beforeTestCase: Navigate to 'https://deployed-five.vercel.app/' successfully

2022-10-30 14:24:38 - [TEST_STEP][PASSED] - logInfo("Test Case: " + testCaseContext.getTestCaseId()): Test Case: Test Cases/StepDefinition/Feature Search Category/SEARCHCATEGORY003 - SEARCH CATEGORY Kendaraan

2022-10-30 14:24:38 - [MESSAGE][INFO] - Test Case: Test Cases/StepDefinition/Feature Search Category/SEARCHCATEGORY003 - SEARCH CATEGORY Kendaraan

2022-10-30 14:24:38 - [TEST_STEP][PASSED] - openBrowser(): null

2022-10-30 14:24:38 - [TEST_STEP][PASSED] - openBrowser(""): Browser is opened with url: ''

2022-10-30 14:24:38 - [MESSAGE][INFO] - Starting 'Chrome' driver

2022-10-30 14:24:38 - [MESSAGE][INFO] - Action delay is set to 0 milliseconds

2022-10-30 14:24:39 - [MESSAGE][PASSED] - Browser is opened with url: ''

2022-10-30 14:24:39 - [TEST_STEP][PASSED] - maximizeWindow(): Current window maximized

2022-10-30 14:24:39 - [MESSAGE][PASSED] - Current window maximized

2022-10-30 14:24:39 - [TEST_STEP][PASSED] - navigateToUrl("https://deployed-five.vercel.app/"): Navigate to 'https://deployed-five.vercel.app/' successfully

2022-10-30 14:24:40 - [MESSAGE][PASSED] - Navigate to 'https://deployed-five.vercel.app/' successfully

2022-10-30 14:24:40 - [TEST_STEP][PASSED] - callTestCase(findTestCase("StepDefinition/Feature Login/LOGIN001- Login With Valid Email and Password"), [:], STOP_ON_FAILURE): Call Test Case 'Test Cases/StepDefinition/Feature Login/LOGIN001- Login With Valid Email and Password' successfully

2022-10-30 14:24:40 - [TEST_CASE][PASSED] - Test Cases/StepDefinition/Feature Login/LOGIN001- Login With Valid Email and Password: Test Cases/StepDefinition/Feature Login/LOGIN001- Login With Valid Email and Password

2022-10-30 14:24:40 - [TEST_STEP][PASSED] - callTestCase(findTestCase("Pages/UserLogin/Click Link Masuk"), [:], STOP_ON_FAILURE): Call Test Case 'Test Cases/Pages/UserLogin/Click Link Masuk' successfully

2022-10-30 14:24:40 - [TEST_CASE][PASSED] - Test Cases/Pages/UserLogin/Click Link Masuk: Test Cases/Pages/UserLogin/Click Link Masuk

2022-10-30 14:24:40 - [TEST_STEP][PASSED] - click(findTestObject("Page_Login/link_Masuk")): Object: 'Object Repository/Page_Login/link_Masuk' is clicked on

2022-10-30 14:24:42 - [MESSAGE][PASSED] - Object: 'Object Repository/Page_Login/link_Masuk' is clicked on

2022-10-30 14:24:42 - [MESSAGE][PASSED] - Call Test Case 'Test Cases/Pages/UserLogin/Click Link Masuk' successfully

2022-10-30 14:24:42 - [TEST_STEP][PASSED] - callTestCase(findTestCase("Pages/UserLogin/Input Email"), ["email":"asadulhaq.ali@hotmail.com"], STOP_ON_FAILURE): Call Test Case 'Test Cases/Pages/UserLogin/Input Email' successfully

2022-10-30 14:24:42 - [TEST_CASE][PASSED] - Test Cases/Pages/UserLogin/Input Email: Test Cases/Pages/UserLogin/Input Email

2022-10-30 14:24:42 - [TEST_STEP][PASSED] - waitForElementPresent(findTestObject("Page_Login/input_Email"), 2): Object 'Object Repository/Page_Login/input_Email' is present

2022-10-30 14:24:43 - [MESSAGE][PASSED] - Object 'Object Repository/Page_Login/input_Email' is present

2022-10-30 14:24:43 - [TEST_STEP][PASSED] - sendKeys(findTestObject("Page_Login/input_Email"), email): Keys 'asadulhaq.ali@hotmail.com' sent to object: 'Object Repository/Page_Login/input_Email'

2022-10-30 14:24:43 - [MESSAGE][PASSED] - Keys 'asadulhaq.ali@hotmail.com' sent to object: 'Object Repository/Page_Login/input_Email'

2022-10-30 14:24:43 - [MESSAGE][PASSED] - Call Test Case 'Test Cases/Pages/UserLogin/Input Email' successfully

2022-10-30 14:24:43 - [TEST_STEP][PASSED] - callTestCase(findTestCase("Pages/UserLogin/Input Password"), ["password":"test12345"], STOP_ON_FAILURE): Call Test Case 'Test Cases/Pages/UserLogin/Input Password' successfully

2022-10-30 14:24:43 - [TEST_CASE][PASSED] - Test Cases/Pages/UserLogin/Input Password: Test Cases/Pages/UserLogin/Input Password

2022-10-30 14:24:43 - [TEST_STEP][PASSED] - sendKeys(findTestObject("Page_Login/input_Password"), password): Keys 'test12345' sent to object: 'Object Repository/Page_Login/input_Password'

2022-10-30 14:24:44 - [MESSAGE][PASSED] - Keys 'test12345' sent to object: 'Object Repository/Page_Login/input_Password'

2022-10-30 14:24:44 - [MESSAGE][PASSED] - Call Test Case 'Test Cases/Pages/UserLogin/Input Password' successfully

2022-10-30 14:24:44 - [TEST_STEP][PASSED] - callTestCase(findTestCase("Pages/UserLogin/Click login button"), [:], STOP_ON_FAILURE): Call Test Case 'Test Cases/Pages/UserLogin/Click login button' successfully

2022-10-30 14:24:44 - [TEST_CASE][PASSED] - Test Cases/Pages/UserLogin/Click login button: Test Cases/Pages/UserLogin/Click login button

2022-10-30 14:24:44 - [TEST_STEP][PASSED] - click(findTestObject("Page_Login/button_Masuk")): Object: 'Object Repository/Page_Login/button_Masuk' is clicked on

2022-10-30 14:24:44 - [MESSAGE][PASSED] - Object: 'Object Repository/Page_Login/button_Masuk' is clicked on

2022-10-30 14:24:44 - [MESSAGE][PASSED] - Call Test Case 'Test Cases/Pages/UserLogin/Click login button' successfully

2022-10-30 14:24:44 - [TEST_STEP][PASSED] - delay(5): Delayed 5 second(s)

2022-10-30 14:24:49 - [MESSAGE][PASSED] - Delayed 5 second(s)

2022-10-30 14:24:49 - [MESSAGE][PASSED] - Call Test Case 'Test Cases/StepDefinition/Feature Login/LOGIN001- Login With Valid Email and Password' successfully

2022-10-30 14:24:49 - [TEST_STEP][PASSED] - callTestCase(findTestCase("Pages/SearchCategory/Category Kendaraan"), [:], STOP_ON_FAILURE): Call Test Case 'Test Cases/Pages/SearchCategory/Category Kendaraan' successfully

2022-10-30 14:24:49 - [TEST_CASE][PASSED] - Test Cases/Pages/SearchCategory/Category Kendaraan: Test Cases/Pages/SearchCategory/Category Kendaraan

2022-10-30 14:24:49 - [TEST_STEP][PASSED] - click(findTestObject("Page_Search/button_Kendaraan")): Object: 'Object Repository/Page_Search/button_Kendaraan' is clicked on

2022-10-30 14:24:50 - [MESSAGE][PASSED] - Object: 'Object Repository/Page_Search/button_Kendaraan' is clicked on

2022-10-30 14:24:50 - [MESSAGE][PASSED] - Call Test Case 'Test Cases/Pages/SearchCategory/Category Kendaraan' successfully

2022-10-30 14:24:50 - [TEST_STEP][PASSED] - callTestCase(findTestCase("Pages/SearchCategory/Verify Content Kendaraan"), [:], STOP_ON_FAILURE): Call Test Case 'Test Cases/Pages/SearchCategory/Verify Content Kendaraan' successfully

2022-10-30 14:24:50 - [TEST_CASE][PASSED] - Test Cases/Pages/SearchCategory/Verify Content Kendaraan: Test Cases/Pages/SearchCategory/Verify Content Kendaraan

2022-10-30 14:24:50 - [TEST_STEP][PASSED] - verifyElementVisible(findTestObject("Page_Search/img_hyundai")): Object 'Object Repository/Page_Search/img_hyundai' is visible

2022-10-30 14:24:51 - [MESSAGE][PASSED] - Object 'Object Repository/Page_Search/img_hyundai' is visible

2022-10-30 14:24:51 - [TEST_STEP][PASSED] - verifyElementVisible(findTestObject("Page_Search/img_tesla")): Object 'Object Repository/Page_Search/img_tesla' is visible

2022-10-30 14:24:51 - [MESSAGE][PASSED] - Object 'Object Repository/Page_Search/img_tesla' is visible

2022-10-30 14:24:51 - [MESSAGE][PASSED] - Call Test Case 'Test Cases/Pages/SearchCategory/Verify Content Kendaraan' successfully

2022-10-30 14:24:51 - [TEST_STEP][PASSED] - Start listener action : afterTestCase: Browser is closed

2022-10-30 14:24:51 - [TEST_STEP][PASSED] - logInfo("Test Case: " + testCaseContext.getTestCaseId()): Test Case: Test Cases/StepDefinition/Feature Search Category/SEARCHCATEGORY003 - SEARCH CATEGORY Kendaraan

2022-10-30 14:24:51 - [MESSAGE][INFO] - Test Case: Test Cases/StepDefinition/Feature Search Category/SEARCHCATEGORY003 - SEARCH CATEGORY Kendaraan

2022-10-30 14:24:51 - [TEST_STEP][PASSED] - closeBrowser(): null

2022-10-30 14:24:51 - [TEST_STEP][PASSED] - closeBrowser(): Browser is closed

2022-10-30 14:24:52 - [MESSAGE][PASSED] - Browser is closed]]></system-out>
         <system-err><![CDATA[]]></system-err>
      </testcase>
      <testcase name="Test Cases/StepDefinition/Feature Search Category/SEARCHCATEGORY004 - SEARCH CATEGORY Baju" time="14.544" classname="Test Cases/StepDefinition/Feature Search Category/SEARCHCATEGORY004 - SEARCH CATEGORY Baju" status="PASSED">
         <system-out><![CDATA[2022-10-30 14:24:52 - [TEST_CASE][PASSED] - Test Cases/StepDefinition/Feature Search Category/SEARCHCATEGORY004 - SEARCH CATEGORY Baju: Test Cases/StepDefinition/Feature Search Category/SEARCHCATEGORY004 - SEARCH CATEGORY Baju

2022-10-30 14:24:52 - [TEST_STEP][PASSED] - Start listener action : beforeTestCase: Navigate to 'https://deployed-five.vercel.app/' successfully

2022-10-30 14:24:52 - [TEST_STEP][PASSED] - logInfo("Test Case: " + testCaseContext.getTestCaseId()): Test Case: Test Cases/StepDefinition/Feature Search Category/SEARCHCATEGORY004 - SEARCH CATEGORY Baju

2022-10-30 14:24:52 - [MESSAGE][INFO] - Test Case: Test Cases/StepDefinition/Feature Search Category/SEARCHCATEGORY004 - SEARCH CATEGORY Baju

2022-10-30 14:24:52 - [TEST_STEP][PASSED] - openBrowser(): null

2022-10-30 14:24:52 - [TEST_STEP][PASSED] - openBrowser(""): Browser is opened with url: ''

2022-10-30 14:24:52 - [MESSAGE][INFO] - Starting 'Chrome' driver

2022-10-30 14:24:52 - [MESSAGE][INFO] - Action delay is set to 0 milliseconds

2022-10-30 14:24:53 - [MESSAGE][PASSED] - Browser is opened with url: ''

2022-10-30 14:24:53 - [TEST_STEP][PASSED] - maximizeWindow(): Current window maximized

2022-10-30 14:24:54 - [MESSAGE][PASSED] - Current window maximized

2022-10-30 14:24:54 - [TEST_STEP][PASSED] - navigateToUrl("https://deployed-five.vercel.app/"): Navigate to 'https://deployed-five.vercel.app/' successfully

2022-10-30 14:24:55 - [MESSAGE][PASSED] - Navigate to 'https://deployed-five.vercel.app/' successfully

2022-10-30 14:24:55 - [TEST_STEP][PASSED] - callTestCase(findTestCase("StepDefinition/Feature Login/LOGIN001- Login With Valid Email and Password"), [:], STOP_ON_FAILURE): Call Test Case 'Test Cases/StepDefinition/Feature Login/LOGIN001- Login With Valid Email and Password' successfully

2022-10-30 14:24:55 - [TEST_CASE][PASSED] - Test Cases/StepDefinition/Feature Login/LOGIN001- Login With Valid Email and Password: Test Cases/StepDefinition/Feature Login/LOGIN001- Login With Valid Email and Password

2022-10-30 14:24:55 - [TEST_STEP][PASSED] - callTestCase(findTestCase("Pages/UserLogin/Click Link Masuk"), [:], STOP_ON_FAILURE): Call Test Case 'Test Cases/Pages/UserLogin/Click Link Masuk' successfully

2022-10-30 14:24:55 - [TEST_CASE][PASSED] - Test Cases/Pages/UserLogin/Click Link Masuk: Test Cases/Pages/UserLogin/Click Link Masuk

2022-10-30 14:24:55 - [TEST_STEP][PASSED] - click(findTestObject("Page_Login/link_Masuk")): Object: 'Object Repository/Page_Login/link_Masuk' is clicked on

2022-10-30 14:24:57 - [MESSAGE][PASSED] - Object: 'Object Repository/Page_Login/link_Masuk' is clicked on

2022-10-30 14:24:57 - [MESSAGE][PASSED] - Call Test Case 'Test Cases/Pages/UserLogin/Click Link Masuk' successfully

2022-10-30 14:24:57 - [TEST_STEP][PASSED] - callTestCase(findTestCase("Pages/UserLogin/Input Email"), ["email":"asadulhaq.ali@hotmail.com"], STOP_ON_FAILURE): Call Test Case 'Test Cases/Pages/UserLogin/Input Email' successfully

2022-10-30 14:24:57 - [TEST_CASE][PASSED] - Test Cases/Pages/UserLogin/Input Email: Test Cases/Pages/UserLogin/Input Email

2022-10-30 14:24:57 - [TEST_STEP][PASSED] - waitForElementPresent(findTestObject("Page_Login/input_Email"), 2): Object 'Object Repository/Page_Login/input_Email' is present

2022-10-30 14:24:57 - [MESSAGE][PASSED] - Object 'Object Repository/Page_Login/input_Email' is present

2022-10-30 14:24:57 - [TEST_STEP][PASSED] - sendKeys(findTestObject("Page_Login/input_Email"), email): Keys 'asadulhaq.ali@hotmail.com' sent to object: 'Object Repository/Page_Login/input_Email'

2022-10-30 14:24:58 - [MESSAGE][PASSED] - Keys 'asadulhaq.ali@hotmail.com' sent to object: 'Object Repository/Page_Login/input_Email'

2022-10-30 14:24:58 - [MESSAGE][PASSED] - Call Test Case 'Test Cases/Pages/UserLogin/Input Email' successfully

2022-10-30 14:24:58 - [TEST_STEP][PASSED] - callTestCase(findTestCase("Pages/UserLogin/Input Password"), ["password":"test12345"], STOP_ON_FAILURE): Call Test Case 'Test Cases/Pages/UserLogin/Input Password' successfully

2022-10-30 14:24:58 - [TEST_CASE][PASSED] - Test Cases/Pages/UserLogin/Input Password: Test Cases/Pages/UserLogin/Input Password

2022-10-30 14:24:58 - [TEST_STEP][PASSED] - sendKeys(findTestObject("Page_Login/input_Password"), password): Keys 'test12345' sent to object: 'Object Repository/Page_Login/input_Password'

2022-10-30 14:24:58 - [MESSAGE][PASSED] - Keys 'test12345' sent to object: 'Object Repository/Page_Login/input_Password'

2022-10-30 14:24:58 - [MESSAGE][PASSED] - Call Test Case 'Test Cases/Pages/UserLogin/Input Password' successfully

2022-10-30 14:24:58 - [TEST_STEP][PASSED] - callTestCase(findTestCase("Pages/UserLogin/Click login button"), [:], STOP_ON_FAILURE): Call Test Case 'Test Cases/Pages/UserLogin/Click login button' successfully

2022-10-30 14:24:59 - [TEST_CASE][PASSED] - Test Cases/Pages/UserLogin/Click login button: Test Cases/Pages/UserLogin/Click login button

2022-10-30 14:24:59 - [TEST_STEP][PASSED] - click(findTestObject("Page_Login/button_Masuk")): Object: 'Object Repository/Page_Login/button_Masuk' is clicked on

2022-10-30 14:24:59 - [MESSAGE][PASSED] - Object: 'Object Repository/Page_Login/button_Masuk' is clicked on

2022-10-30 14:24:59 - [MESSAGE][PASSED] - Call Test Case 'Test Cases/Pages/UserLogin/Click login button' successfully

2022-10-30 14:24:59 - [TEST_STEP][PASSED] - delay(5): Delayed 5 second(s)

2022-10-30 14:25:04 - [MESSAGE][PASSED] - Delayed 5 second(s)

2022-10-30 14:25:04 - [MESSAGE][PASSED] - Call Test Case 'Test Cases/StepDefinition/Feature Login/LOGIN001- Login With Valid Email and Password' successfully

2022-10-30 14:25:04 - [TEST_STEP][PASSED] - callTestCase(findTestCase("Pages/SearchCategory/Category Baju"), [:], STOP_ON_FAILURE): Call Test Case 'Test Cases/Pages/SearchCategory/Category Baju' successfully

2022-10-30 14:25:04 - [TEST_CASE][PASSED] - Test Cases/Pages/SearchCategory/Category Baju: Test Cases/Pages/SearchCategory/Category Baju

2022-10-30 14:25:04 - [TEST_STEP][PASSED] - click(findTestObject("Page_Search/button_Baju")): Object: 'Object Repository/Page_Search/button_Baju' is clicked on

2022-10-30 14:25:05 - [MESSAGE][PASSED] - Object: 'Object Repository/Page_Search/button_Baju' is clicked on

2022-10-30 14:25:05 - [MESSAGE][PASSED] - Call Test Case 'Test Cases/Pages/SearchCategory/Category Baju' successfully

2022-10-30 14:25:05 - [TEST_STEP][PASSED] - callTestCase(findTestCase("Pages/SearchCategory/Verify Content Baju"), [:], STOP_ON_FAILURE): Call Test Case 'Test Cases/Pages/SearchCategory/Verify Content Baju' successfully

2022-10-30 14:25:05 - [TEST_CASE][PASSED] - Test Cases/Pages/SearchCategory/Verify Content Baju: Test Cases/Pages/SearchCategory/Verify Content Baju

2022-10-30 14:25:05 - [TEST_STEP][PASSED] - verifyElementVisible(findTestObject("Page_Search/img_handuk")): Object 'Object Repository/Page_Search/img_handuk' is visible

2022-10-30 14:25:06 - [MESSAGE][PASSED] - Object 'Object Repository/Page_Search/img_handuk' is visible

2022-10-30 14:25:06 - [TEST_STEP][PASSED] - verifyElementVisible(findTestObject("Page_Search/img_gucci")): Object 'Object Repository/Page_Search/img_gucci' is visible

2022-10-30 14:25:06 - [MESSAGE][PASSED] - Object 'Object Repository/Page_Search/img_gucci' is visible

2022-10-30 14:25:06 - [MESSAGE][PASSED] - Call Test Case 'Test Cases/Pages/SearchCategory/Verify Content Baju' successfully

2022-10-30 14:25:06 - [TEST_STEP][PASSED] - Start listener action : afterTestCase: Browser is closed

2022-10-30 14:25:06 - [TEST_STEP][PASSED] - logInfo("Test Case: " + testCaseContext.getTestCaseId()): Test Case: Test Cases/StepDefinition/Feature Search Category/SEARCHCATEGORY004 - SEARCH CATEGORY Baju

2022-10-30 14:25:06 - [MESSAGE][INFO] - Test Case: Test Cases/StepDefinition/Feature Search Category/SEARCHCATEGORY004 - SEARCH CATEGORY Baju

2022-10-30 14:25:06 - [TEST_STEP][PASSED] - closeBrowser(): null

2022-10-30 14:25:06 - [TEST_STEP][PASSED] - closeBrowser(): Browser is closed

2022-10-30 14:25:07 - [MESSAGE][PASSED] - Browser is closed]]></system-out>
         <system-err><![CDATA[]]></system-err>
      </testcase>
      <testcase name="Test Cases/StepDefinition/Feature Search Category/SEARCHCATEGORY005 - SEARCH CATEGORY Elektronik" time="14.655" classname="Test Cases/StepDefinition/Feature Search Category/SEARCHCATEGORY005 - SEARCH CATEGORY Elektronik" status="PASSED">
         <system-out><![CDATA[2022-10-30 14:25:07 - [TEST_CASE][PASSED] - Test Cases/StepDefinition/Feature Search Category/SEARCHCATEGORY005 - SEARCH CATEGORY Elektronik: Test Cases/StepDefinition/Feature Search Category/SEARCHCATEGORY005 - SEARCH CATEGORY Elektronik

2022-10-30 14:25:07 - [TEST_STEP][PASSED] - Start listener action : beforeTestCase: Navigate to 'https://deployed-five.vercel.app/' successfully

2022-10-30 14:25:07 - [TEST_STEP][PASSED] - logInfo("Test Case: " + testCaseContext.getTestCaseId()): Test Case: Test Cases/StepDefinition/Feature Search Category/SEARCHCATEGORY005 - SEARCH CATEGORY Elektronik

2022-10-30 14:25:07 - [MESSAGE][INFO] - Test Case: Test Cases/StepDefinition/Feature Search Category/SEARCHCATEGORY005 - SEARCH CATEGORY Elektronik

2022-10-30 14:25:07 - [TEST_STEP][PASSED] - openBrowser(): null

2022-10-30 14:25:07 - [TEST_STEP][PASSED] - openBrowser(""): Browser is opened with url: ''

2022-10-30 14:25:07 - [MESSAGE][INFO] - Starting 'Chrome' driver

2022-10-30 14:25:07 - [MESSAGE][INFO] - Action delay is set to 0 milliseconds

2022-10-30 14:25:08 - [MESSAGE][PASSED] - Browser is opened with url: ''

2022-10-30 14:25:08 - [TEST_STEP][PASSED] - maximizeWindow(): Current window maximized

2022-10-30 14:25:08 - [MESSAGE][PASSED] - Current window maximized

2022-10-30 14:25:08 - [TEST_STEP][PASSED] - navigateToUrl("https://deployed-five.vercel.app/"): Navigate to 'https://deployed-five.vercel.app/' successfully

2022-10-30 14:25:09 - [MESSAGE][PASSED] - Navigate to 'https://deployed-five.vercel.app/' successfully

2022-10-30 14:25:09 - [TEST_STEP][PASSED] - callTestCase(findTestCase("StepDefinition/Feature Login/LOGIN001- Login With Valid Email and Password"), [:], STOP_ON_FAILURE): Call Test Case 'Test Cases/StepDefinition/Feature Login/LOGIN001- Login With Valid Email and Password' successfully

2022-10-30 14:25:10 - [TEST_CASE][PASSED] - Test Cases/StepDefinition/Feature Login/LOGIN001- Login With Valid Email and Password: Test Cases/StepDefinition/Feature Login/LOGIN001- Login With Valid Email and Password

2022-10-30 14:25:10 - [TEST_STEP][PASSED] - callTestCase(findTestCase("Pages/UserLogin/Click Link Masuk"), [:], STOP_ON_FAILURE): Call Test Case 'Test Cases/Pages/UserLogin/Click Link Masuk' successfully

2022-10-30 14:25:10 - [TEST_CASE][PASSED] - Test Cases/Pages/UserLogin/Click Link Masuk: Test Cases/Pages/UserLogin/Click Link Masuk

2022-10-30 14:25:10 - [TEST_STEP][PASSED] - click(findTestObject("Page_Login/link_Masuk")): Object: 'Object Repository/Page_Login/link_Masuk' is clicked on

2022-10-30 14:25:11 - [MESSAGE][PASSED] - Object: 'Object Repository/Page_Login/link_Masuk' is clicked on

2022-10-30 14:25:11 - [MESSAGE][PASSED] - Call Test Case 'Test Cases/Pages/UserLogin/Click Link Masuk' successfully

2022-10-30 14:25:11 - [TEST_STEP][PASSED] - callTestCase(findTestCase("Pages/UserLogin/Input Email"), ["email":"asadulhaq.ali@hotmail.com"], STOP_ON_FAILURE): Call Test Case 'Test Cases/Pages/UserLogin/Input Email' successfully

2022-10-30 14:25:11 - [TEST_CASE][PASSED] - Test Cases/Pages/UserLogin/Input Email: Test Cases/Pages/UserLogin/Input Email

2022-10-30 14:25:11 - [TEST_STEP][PASSED] - waitForElementPresent(findTestObject("Page_Login/input_Email"), 2): Object 'Object Repository/Page_Login/input_Email' is present

2022-10-30 14:25:12 - [MESSAGE][PASSED] - Object 'Object Repository/Page_Login/input_Email' is present

2022-10-30 14:25:12 - [TEST_STEP][PASSED] - sendKeys(findTestObject("Page_Login/input_Email"), email): Keys 'asadulhaq.ali@hotmail.com' sent to object: 'Object Repository/Page_Login/input_Email'

2022-10-30 14:25:12 - [MESSAGE][PASSED] - Keys 'asadulhaq.ali@hotmail.com' sent to object: 'Object Repository/Page_Login/input_Email'

2022-10-30 14:25:12 - [MESSAGE][PASSED] - Call Test Case 'Test Cases/Pages/UserLogin/Input Email' successfully

2022-10-30 14:25:12 - [TEST_STEP][PASSED] - callTestCase(findTestCase("Pages/UserLogin/Input Password"), ["password":"test12345"], STOP_ON_FAILURE): Call Test Case 'Test Cases/Pages/UserLogin/Input Password' successfully

2022-10-30 14:25:12 - [TEST_CASE][PASSED] - Test Cases/Pages/UserLogin/Input Password: Test Cases/Pages/UserLogin/Input Password

2022-10-30 14:25:12 - [TEST_STEP][PASSED] - sendKeys(findTestObject("Page_Login/input_Password"), password): Keys 'test12345' sent to object: 'Object Repository/Page_Login/input_Password'

2022-10-30 14:25:13 - [MESSAGE][PASSED] - Keys 'test12345' sent to object: 'Object Repository/Page_Login/input_Password'

2022-10-30 14:25:13 - [MESSAGE][PASSED] - Call Test Case 'Test Cases/Pages/UserLogin/Input Password' successfully

2022-10-30 14:25:13 - [TEST_STEP][PASSED] - callTestCase(findTestCase("Pages/UserLogin/Click login button"), [:], STOP_ON_FAILURE): Call Test Case 'Test Cases/Pages/UserLogin/Click login button' successfully

2022-10-30 14:25:13 - [TEST_CASE][PASSED] - Test Cases/Pages/UserLogin/Click login button: Test Cases/Pages/UserLogin/Click login button

2022-10-30 14:25:13 - [TEST_STEP][PASSED] - click(findTestObject("Page_Login/button_Masuk")): Object: 'Object Repository/Page_Login/button_Masuk' is clicked on

2022-10-30 14:25:13 - [MESSAGE][PASSED] - Object: 'Object Repository/Page_Login/button_Masuk' is clicked on

2022-10-30 14:25:13 - [MESSAGE][PASSED] - Call Test Case 'Test Cases/Pages/UserLogin/Click login button' successfully

2022-10-30 14:25:13 - [TEST_STEP][PASSED] - delay(5): Delayed 5 second(s)

2022-10-30 14:25:18 - [MESSAGE][PASSED] - Delayed 5 second(s)

2022-10-30 14:25:18 - [MESSAGE][PASSED] - Call Test Case 'Test Cases/StepDefinition/Feature Login/LOGIN001- Login With Valid Email and Password' successfully

2022-10-30 14:25:18 - [TEST_STEP][PASSED] - callTestCase(findTestCase("Pages/SearchCategory/Category Elektronik"), [:], STOP_ON_FAILURE): Call Test Case 'Test Cases/Pages/SearchCategory/Category Elektronik' successfully

2022-10-30 14:25:18 - [TEST_CASE][PASSED] - Test Cases/Pages/SearchCategory/Category Elektronik: Test Cases/Pages/SearchCategory/Category Elektronik

2022-10-30 14:25:19 - [TEST_STEP][PASSED] - click(findTestObject("Page_Search/button_Elektronik")): Object: 'Object Repository/Page_Search/button_Elektronik' is clicked on

2022-10-30 14:25:19 - [MESSAGE][PASSED] - Object: 'Object Repository/Page_Search/button_Elektronik' is clicked on

2022-10-30 14:25:19 - [MESSAGE][PASSED] - Call Test Case 'Test Cases/Pages/SearchCategory/Category Elektronik' successfully

2022-10-30 14:25:19 - [TEST_STEP][PASSED] - callTestCase(findTestCase("Pages/SearchCategory/Verify Content Elektronik"), [:], STOP_ON_FAILURE): Call Test Case 'Test Cases/Pages/SearchCategory/Verify Content Elektronik' successfully

2022-10-30 14:25:19 - [TEST_CASE][PASSED] - Test Cases/Pages/SearchCategory/Verify Content Elektronik: Test Cases/Pages/SearchCategory/Verify Content Elektronik

2022-10-30 14:25:19 - [TEST_STEP][PASSED] - verifyElementVisible(findTestObject("Page_Search/img_iphone")): Object 'Object Repository/Page_Search/img_iphone' is visible

2022-10-30 14:25:20 - [MESSAGE][PASSED] - Object 'Object Repository/Page_Search/img_iphone' is visible

2022-10-30 14:25:20 - [TEST_STEP][PASSED] - verifyElementVisible(findTestObject("Page_Search/img_realme")): Object 'Object Repository/Page_Search/img_realme' is visible

2022-10-30 14:25:21 - [MESSAGE][PASSED] - Object 'Object Repository/Page_Search/img_realme' is visible

2022-10-30 14:25:21 - [MESSAGE][PASSED] - Call Test Case 'Test Cases/Pages/SearchCategory/Verify Content Elektronik' successfully

2022-10-30 14:25:21 - [TEST_STEP][PASSED] - Start listener action : afterTestCase: Browser is closed

2022-10-30 14:25:21 - [TEST_STEP][PASSED] - logInfo("Test Case: " + testCaseContext.getTestCaseId()): Test Case: Test Cases/StepDefinition/Feature Search Category/SEARCHCATEGORY005 - SEARCH CATEGORY Elektronik

2022-10-30 14:25:21 - [MESSAGE][INFO] - Test Case: Test Cases/StepDefinition/Feature Search Category/SEARCHCATEGORY005 - SEARCH CATEGORY Elektronik

2022-10-30 14:25:21 - [TEST_STEP][PASSED] - closeBrowser(): null

2022-10-30 14:25:21 - [TEST_STEP][PASSED] - closeBrowser(): Browser is closed

2022-10-30 14:25:21 - [MESSAGE][PASSED] - Browser is closed]]></system-out>
         <system-err><![CDATA[]]></system-err>
      </testcase>
      <testcase name="Test Cases/StepDefinition/Feature Search Category/SEARCHCATEGORY006 - SEARCH CATEGORY Kesehatan" time="15.054" classname="Test Cases/StepDefinition/Feature Search Category/SEARCHCATEGORY006 - SEARCH CATEGORY Kesehatan" status="PASSED">
         <system-out><![CDATA[2022-10-30 14:25:21 - [TEST_CASE][PASSED] - Test Cases/StepDefinition/Feature Search Category/SEARCHCATEGORY006 - SEARCH CATEGORY Kesehatan: Test Cases/StepDefinition/Feature Search Category/SEARCHCATEGORY006 - SEARCH CATEGORY Kesehatan

2022-10-30 14:25:21 - [TEST_STEP][PASSED] - Start listener action : beforeTestCase: Navigate to 'https://deployed-five.vercel.app/' successfully

2022-10-30 14:25:21 - [TEST_STEP][PASSED] - logInfo("Test Case: " + testCaseContext.getTestCaseId()): Test Case: Test Cases/StepDefinition/Feature Search Category/SEARCHCATEGORY006 - SEARCH CATEGORY Kesehatan

2022-10-30 14:25:21 - [MESSAGE][INFO] - Test Case: Test Cases/StepDefinition/Feature Search Category/SEARCHCATEGORY006 - SEARCH CATEGORY Kesehatan

2022-10-30 14:25:21 - [TEST_STEP][PASSED] - openBrowser(): null

2022-10-30 14:25:21 - [TEST_STEP][PASSED] - openBrowser(""): Browser is opened with url: ''

2022-10-30 14:25:21 - [MESSAGE][INFO] - Starting 'Chrome' driver

2022-10-30 14:25:21 - [MESSAGE][INFO] - Action delay is set to 0 milliseconds

2022-10-30 14:25:23 - [MESSAGE][PASSED] - Browser is opened with url: ''

2022-10-30 14:25:23 - [TEST_STEP][PASSED] - maximizeWindow(): Current window maximized

2022-10-30 14:25:23 - [MESSAGE][PASSED] - Current window maximized

2022-10-30 14:25:23 - [TEST_STEP][PASSED] - navigateToUrl("https://deployed-five.vercel.app/"): Navigate to 'https://deployed-five.vercel.app/' successfully

2022-10-30 14:25:24 - [MESSAGE][PASSED] - Navigate to 'https://deployed-five.vercel.app/' successfully

2022-10-30 14:25:24 - [TEST_STEP][PASSED] - callTestCase(findTestCase("StepDefinition/Feature Login/LOGIN001- Login With Valid Email and Password"), [:], STOP_ON_FAILURE): Call Test Case 'Test Cases/StepDefinition/Feature Login/LOGIN001- Login With Valid Email and Password' successfully

2022-10-30 14:25:24 - [TEST_CASE][PASSED] - Test Cases/StepDefinition/Feature Login/LOGIN001- Login With Valid Email and Password: Test Cases/StepDefinition/Feature Login/LOGIN001- Login With Valid Email and Password

2022-10-30 14:25:24 - [TEST_STEP][PASSED] - callTestCase(findTestCase("Pages/UserLogin/Click Link Masuk"), [:], STOP_ON_FAILURE): Call Test Case 'Test Cases/Pages/UserLogin/Click Link Masuk' successfully

2022-10-30 14:25:24 - [TEST_CASE][PASSED] - Test Cases/Pages/UserLogin/Click Link Masuk: Test Cases/Pages/UserLogin/Click Link Masuk

2022-10-30 14:25:24 - [TEST_STEP][PASSED] - click(findTestObject("Page_Login/link_Masuk")): Object: 'Object Repository/Page_Login/link_Masuk' is clicked on

2022-10-30 14:25:26 - [MESSAGE][PASSED] - Object: 'Object Repository/Page_Login/link_Masuk' is clicked on

2022-10-30 14:25:26 - [MESSAGE][PASSED] - Call Test Case 'Test Cases/Pages/UserLogin/Click Link Masuk' successfully

2022-10-30 14:25:26 - [TEST_STEP][PASSED] - callTestCase(findTestCase("Pages/UserLogin/Input Email"), ["email":"asadulhaq.ali@hotmail.com"], STOP_ON_FAILURE): Call Test Case 'Test Cases/Pages/UserLogin/Input Email' successfully

2022-10-30 14:25:26 - [TEST_CASE][PASSED] - Test Cases/Pages/UserLogin/Input Email: Test Cases/Pages/UserLogin/Input Email

2022-10-30 14:25:26 - [TEST_STEP][PASSED] - waitForElementPresent(findTestObject("Page_Login/input_Email"), 2): Object 'Object Repository/Page_Login/input_Email' is present

2022-10-30 14:25:27 - [MESSAGE][PASSED] - Object 'Object Repository/Page_Login/input_Email' is present

2022-10-30 14:25:27 - [TEST_STEP][PASSED] - sendKeys(findTestObject("Page_Login/input_Email"), email): Keys 'asadulhaq.ali@hotmail.com' sent to object: 'Object Repository/Page_Login/input_Email'

2022-10-30 14:25:27 - [MESSAGE][PASSED] - Keys 'asadulhaq.ali@hotmail.com' sent to object: 'Object Repository/Page_Login/input_Email'

2022-10-30 14:25:27 - [MESSAGE][PASSED] - Call Test Case 'Test Cases/Pages/UserLogin/Input Email' successfully

2022-10-30 14:25:27 - [TEST_STEP][PASSED] - callTestCase(findTestCase("Pages/UserLogin/Input Password"), ["password":"test12345"], STOP_ON_FAILURE): Call Test Case 'Test Cases/Pages/UserLogin/Input Password' successfully

2022-10-30 14:25:27 - [TEST_CASE][PASSED] - Test Cases/Pages/UserLogin/Input Password: Test Cases/Pages/UserLogin/Input Password

2022-10-30 14:25:27 - [TEST_STEP][PASSED] - sendKeys(findTestObject("Page_Login/input_Password"), password): Keys 'test12345' sent to object: 'Object Repository/Page_Login/input_Password'

2022-10-30 14:25:28 - [MESSAGE][PASSED] - Keys 'test12345' sent to object: 'Object Repository/Page_Login/input_Password'

2022-10-30 14:25:28 - [MESSAGE][PASSED] - Call Test Case 'Test Cases/Pages/UserLogin/Input Password' successfully

2022-10-30 14:25:28 - [TEST_STEP][PASSED] - callTestCase(findTestCase("Pages/UserLogin/Click login button"), [:], STOP_ON_FAILURE): Call Test Case 'Test Cases/Pages/UserLogin/Click login button' successfully

2022-10-30 14:25:28 - [TEST_CASE][PASSED] - Test Cases/Pages/UserLogin/Click login button: Test Cases/Pages/UserLogin/Click login button

2022-10-30 14:25:28 - [TEST_STEP][PASSED] - click(findTestObject("Page_Login/button_Masuk")): Object: 'Object Repository/Page_Login/button_Masuk' is clicked on

2022-10-30 14:25:28 - [MESSAGE][PASSED] - Object: 'Object Repository/Page_Login/button_Masuk' is clicked on

2022-10-30 14:25:28 - [MESSAGE][PASSED] - Call Test Case 'Test Cases/Pages/UserLogin/Click login button' successfully

2022-10-30 14:25:28 - [TEST_STEP][PASSED] - delay(5): Delayed 5 second(s)

2022-10-30 14:25:33 - [MESSAGE][PASSED] - Delayed 5 second(s)

2022-10-30 14:25:33 - [MESSAGE][PASSED] - Call Test Case 'Test Cases/StepDefinition/Feature Login/LOGIN001- Login With Valid Email and Password' successfully

2022-10-30 14:25:33 - [TEST_STEP][PASSED] - callTestCase(findTestCase("Pages/SearchCategory/Category Kesehatan"), [:], STOP_ON_FAILURE): Call Test Case 'Test Cases/Pages/SearchCategory/Category Kesehatan' successfully

2022-10-30 14:25:33 - [TEST_CASE][PASSED] - Test Cases/Pages/SearchCategory/Category Kesehatan: Test Cases/Pages/SearchCategory/Category Kesehatan

2022-10-30 14:25:33 - [TEST_STEP][PASSED] - click(findTestObject("Page_Search/button_Kesehatan")): Object: 'Object Repository/Page_Search/button_Kesehatan' is clicked on

2022-10-30 14:25:34 - [MESSAGE][PASSED] - Object: 'Object Repository/Page_Search/button_Kesehatan' is clicked on

2022-10-30 14:25:34 - [MESSAGE][PASSED] - Call Test Case 'Test Cases/Pages/SearchCategory/Category Kesehatan' successfully

2022-10-30 14:25:34 - [TEST_STEP][PASSED] - callTestCase(findTestCase("Pages/SearchCategory/Verify Content Kesehatan"), [:], STOP_ON_FAILURE): Call Test Case 'Test Cases/Pages/SearchCategory/Verify Content Kesehatan' successfully

2022-10-30 14:25:34 - [TEST_CASE][PASSED] - Test Cases/Pages/SearchCategory/Verify Content Kesehatan: Test Cases/Pages/SearchCategory/Verify Content Kesehatan

2022-10-30 14:25:34 - [TEST_STEP][PASSED] - verifyElementVisible(findTestObject("Page_Search/img_susu")): Object 'Object Repository/Page_Search/img_susu' is visible

2022-10-30 14:25:35 - [MESSAGE][PASSED] - Object 'Object Repository/Page_Search/img_susu' is visible

2022-10-30 14:25:35 - [TEST_STEP][PASSED] - verifyElementVisible(findTestObject("Page_Search/img_vaseline")): Object 'Object Repository/Page_Search/img_vaseline' is visible

2022-10-30 14:25:36 - [MESSAGE][PASSED] - Object 'Object Repository/Page_Search/img_vaseline' is visible

2022-10-30 14:25:36 - [MESSAGE][PASSED] - Call Test Case 'Test Cases/Pages/SearchCategory/Verify Content Kesehatan' successfully

2022-10-30 14:25:36 - [TEST_STEP][PASSED] - Start listener action : afterTestCase: Browser is closed

2022-10-30 14:25:36 - [TEST_STEP][PASSED] - logInfo("Test Case: " + testCaseContext.getTestCaseId()): Test Case: Test Cases/StepDefinition/Feature Search Category/SEARCHCATEGORY006 - SEARCH CATEGORY Kesehatan

2022-10-30 14:25:36 - [MESSAGE][INFO] - Test Case: Test Cases/StepDefinition/Feature Search Category/SEARCHCATEGORY006 - SEARCH CATEGORY Kesehatan

2022-10-30 14:25:36 - [TEST_STEP][PASSED] - closeBrowser(): null

2022-10-30 14:25:36 - [TEST_STEP][PASSED] - closeBrowser(): Browser is closed

2022-10-30 14:25:36 - [MESSAGE][PASSED] - Browser is closed]]></system-out>
         <system-err><![CDATA[]]></system-err>
      </testcase>
      <system-out><![CDATA[2022-10-30 14:24:02 - [TEST_SUITE][PASSED] - Search: Test Cases/StepDefinition/Feature Search Category/SEARCHCATEGORY006 - SEARCH CATEGORY Kesehatan]]></system-out>
      <system-err><![CDATA[]]></system-err>
   </testsuite>
</testsuites>
